report1
Total
750
254
232
61
269
27
249
166
17,16,16,15,15,1,1,2,6,2,1,2,1,14,11,11,7,2,2,1,1,2,5,2,1,1,12,16,15,9,2,2,3,2,2,2,2,2,4,14,12,14,11,4,4,0,1,3,3,2,3,1,6,15,13,10,6,2,2,2,0,3,3,5,2,8,11,16,6,10,14,4,2,4,0,0,0,2,11,12,3,6,2,2,11,1,3,0,3,3,1,11,1,2,3,2,2,4,15,2,1,4,1,2,14,4,1,5,3,2,0,3,9,1,4,3,0,7,4,2,2,3,2,0,0,4,6,3,2,2,14,5,2,0,7,0,2,0,1,4,3,3,1,13,2,0,2,2,1,2,2,1,3,1,0,2,14,1,3,1,1,3,1,1,3,1,2,3,3
3,7,4,5,5,0,0,1,1,1,1,0,0,5,4,6,3,1,2,0,1,1,0,0,0,0,4,7,3,5,0,0,1,1,1,1,1,1,1,6,4,3,3,2,3,0,0,1,0,1,0,0,2,5,3,3,2,1,1,0,0,1,1,1,1,1,5,2,2,6,4,1,0,3,0,0,0,1,2,6,2,3,1,2,4,0,1,0,2,0,0,3,0,0,2,0,2,1,7,2,0,4,0,1,5,1,1,2,2,1,0,0,4,0,0,1,0,3,0,1,1,1,2,0,0,2,3,2,0,2,5,0,2,0,2,0,0,0,0,0,1,0,1,1,0,0,0,0,0,0,1,1,1,0,0,1,6,0,0,0,1,2,1,0,1,0,1,0,1
3,2,5,5,7,0,0,0,2,1,0,0,0,5,4,7,0,0,0,1,0,0,3,2,1,0,4,6,3,0,2,1,1,1,1,0,0,0,0,9,4,6,3,0,1,0,0,1,0,1,2,1,2,3,4,3,2,0,0,2,0,1,1,3,0,2,3,8,1,1,3,2,1,0,0,0,0,0,3,3,1,2,1,0,4,0,0,0,0,0,1,4,0,1,0,1,0,1,3,0,1,0,0,1,5,1,0,1,0,0,0,3,3,0,2,2,0,3,2,1,0,0,0,0,0,1,2,1,1,0,4,2,0,0,2,0,1,0,1,2,1,2,0,8,0,0,1,0,1,1,1,0,1,0,0,1,5,1,3,1,0,0,0,0,0,0,0,0,1
3,2,3,1,2,0,0,0,0,0,0,0,0,5,4,3,0,0,0,0,0,0,0,0,0,0,0,5,3,0,0,0,0,0,0,0,0,0,0,4,3,0,3,0,0,0,0,0,0,0,0,0,0,0,1,1,1,0,0,0,0,0,0,0,0,0,2,1,0,1,3,0,0,0,0,0,0,0,0,0,0,0,0,0,1,0,0,0,0,0,0,1,0,0,0,0,0,0,0,0,0,0,0,0,1,0,0,0,0,0,0,0,0,0,0,0,0,2,0,0,0,0,0,0,0,0,0,0,0,0,1,0,0,0,0,0,0,0,0,0,0,0,0,1,0,0,0,0,0,0,0,0,0,0,0,0,3,0,0,0,0,0,0,0,0,0,0,0,0
6,7,5,5,5,1,1,1,3,0,0,2,1,7,5,1,4,1,0,0,0,1,2,0,0,1,6,4,6,4,0,1,1,0,0,1,1,1,3,3,3,6,2,2,0,0,1,1,3,0,1,0,2,7,6,4,3,1,1,0,0,1,1,1,1,4,4,5,2,4,5,1,1,1,0,0,0,1,6,2,0,1,0,0,1,1,2,0,1,3,0,5,1,1,1,1,0,2,9,0,0,0,1,0,5,2,0,2,1,1,0,0,1,1,2,0,0,1,2,0,1,2,0,0,0,1,1,0,1,0,5,3,0,0,3,0,1,0,0,2,1,1,0,4,2,0,1,2,0,1,0,0,1,1,0,0,4,0,0,0,0,1,0,1,2,1,1,3,1
0,5,0,0,0,0,0,0,0,0,0,0,0,0,0,0,0,0,0,0,0,0,0,0,0,0,4,2,0,0,0,0,0,0,0,0,0,0,0,2,1,3,0,0,0,0,0,0,0,0,0,0,0,0,0,1,1,0,0,0,0,0,0,0,0,0,0,0,0,2,0,0,0,0,0,0,0,0,0,0,0,0,0,0,1,0,0,0,0,0,0,0,0,0,0,0,0,0,5,0,0,0,0,0,0,0,0,0,0,0,0,0,0,0,0,0,0,0,0,0,0,0,0,0,0,0,0,0,0,0,0,0,0,0,0,0,0,0,0,0,0,0,0,0,0,0,0,0,0,0,0,0,0,0,0,0,0,0,0,0,0,0,0,0,0,0,0,0,0
8,7,6,5,3,0,0,1,1,1,1,0,0,2,2,3,3,1,2,0,1,1,0,0,0,0,2,6,6,5,0,0,1,1,1,1,1,1,1,2,5,2,6,2,3,0,0,1,0,1,0,0,2,5,3,3,1,1,1,0,0,1,1,1,1,2,4,3,3,5,6,1,0,3,0,0,0,1,2,7,2,3,1,2,6,0,1,0,2,0,0,2,0,0,2,0,2,1,3,2,0,4,0,1,4,1,1,2,2,1,0,0,5,0,0,1,0,3,0,1,1,1,2,0,0,2,3,2,0,2,5,0,2,0,2,0,0,0,0,0,1,0,1,1,0,0,0,0,0,0,1,1,1,0,0,1,5,0,0,0,1,2,1,0,1,0,1,0,1
0,0,1,4,3,0,0,1,1,1,1,0,0,0,0,3,3,1,2,0,1,1,0,0,0,0,0,0,0,5,0,0,1,1,1,1,1,1,1,0,0,0,0,2,3,0,0,1,0,1,0,0,2,5,2,1,0,1,1,0,0,1,1,1,1,1,3,1,2,3,1,1,0,3,0,0,0,1,2,6,2,3,1,2,2,0,1,0,2,0,0,2,0,0,2,0,2,1,2,2,0,4,0,1,4,1,1,2,2,1,0,0,4,0,0,1,0,1,0,1,1,1,2,0,0,2,3,2,0,2,4,0,2,0,2,0,0,0,0,0,1,0,1,0,0,0,0,0,0,0,1,1,1,0,0,1,3,0,0,0,1,2,1,0,1,0,1,0,1
utg open 
375
129
114
32
136
0
125
97
6,2,4,3,2,1,1,2,6,2,1,2,1,4,2,4,1,2,2,1,1,2,5,2,1,1,2,1,3,2,2,2,3,2,2,2,2,2,4,1,3,3,1,4,4,0,1,3,3,2,3,1,0,1,3,1,3,2,2,2,0,3,3,5,2,3,3,4,2,2,6,4,2,4,0,0,0,2,1,1,3,6,2,2,4,1,3,0,3,3,1,1,1,2,3,2,2,4,1,2,1,4,1,2,3,4,1,5,3,2,0,3,1,1,4,3,0,1,4,2,2,3,2,0,0,4,6,3,2,2,3,5,2,0,7,0,2,0,1,4,3,3,1,3,2,0,2,2,1,2,2,1,3,1,0,2,5,1,3,1,1,3,1,1,3,1,2,3,3
0,1,1,1,2,0,0,1,1,1,1,0,0,3,1,3,0,1,2,0,1,1,0,0,0,0,0,0,0,1,0,0,1,1,1,1,1,1,1,1,1,0,0,2,3,0,0,1,0,1,0,0,0,0,1,1,1,1,1,0,0,1,1,1,1,0,2,1,0,1,2,1,0,3,0,0,0,1,0,0,2,3,1,2,1,0,1,0,2,0,0,1,0,0,2,0,2,1,0,2,0,4,0,1,1,1,1,2,2,1,0,0,0,0,0,1,0,1,0,1,1,1,2,0,0,2,3,2,0,2,1,0,2,0,2,0,0,0,0,0,1,0,1,1,0,0,0,0,0,0,1,1,1,0,0,1,3,0,0,0,1,2,1,0,1,0,1,0,1
0,1,1,1,2,0,0,0,2,1,0,0,0,3,1,3,0,0,0,1,0,0,3,2,1,0,0,0,0,0,2,1,1,1,1,0,0,0,0,1,1,0,0,0,1,0,0,1,0,1,2,1,0,0,1,1,1,0,0,2,0,1,1,3,0,0,2,1,0,1,2,2,1,0,0,0,0,0,0,0,1,2,1,0,1,0,0,0,0,0,1,1,0,1,0,1,0,1,0,0,1,0,0,1,1,1,0,1,0,0,0,3,0,0,2,2,0,1,2,1,0,0,0,0,0,1,2,1,1,0,1,2,0,0,2,0,1,0,1,2,1,2,0,1,0,0,1,0,1,1,1,0,1,0,0,1,3,1,3,1,0,0,0,0,0,0,0,0,1
0,1,1,1,2,0,0,0,0,0,0,0,0,3,1,3,0,0,0,0,0,0,0,0,0,0,0,0,0,0,0,0,0,0,0,0,0,0,0,1,1,0,0,0,0,0,0,0,0,0,0,0,0,0,1,1,1,0,0,0,0,0,0,0,0,0,2,1,0,1,2,0,0,0,0,0,0,0,0,0,0,0,0,0,1,0,0,0,0,0,0,1,0,0,0,0,0,0,0,0,0,0,0,0,1,0,0,0,0,0,0,0,0,0,0,0,0,1,0,0,0,0,0,0,0,0,0,0,0,0,1,0,0,0,0,0,0,0,0,0,0,0,0,1,0,0,0,0,0,0,0,0,0,0,0,0,3,0,0,0,0,0,0,0,0,0,0,0,0
3,1,2,1,0,1,1,1,3,0,0,2,1,0,1,1,1,1,0,0,0,1,2,0,0,1,2,1,2,1,0,1,1,0,0,1,1,1,3,0,1,2,0,2,0,0,1,1,3,0,1,0,0,1,1,0,1,1,1,0,0,1,1,1,1,2,0,1,1,1,1,1,1,1,0,0,0,1,1,0,0,1,0,0,0,1,2,0,1,3,0,0,1,1,1,1,0,2,1,0,0,0,1,0,2,2,0,2,1,1,0,0,1,1,2,0,0,0,2,0,1,2,0,0,0,1,1,0,1,0,1,3,0,0,3,0,1,0,0,2,1,1,0,1,2,0,1,2,0,1,0,0,1,1,0,0,0,0,0,0,0,1,0,1,2,1,1,3,1
0,0,0,0,0,0,0,0,0,0,0,0,0,0,0,0,0,0,0,0,0,0,0,0,0,0,0,0,0,0,0,0,0,0,0,0,0,0,0,0,0,0,0,0,0,0,0,0,0,0,0,0,0,0,0,0,0,0,0,0,0,0,0,0,0,0,0,0,0,0,0,0,0,0,0,0,0,0,0,0,0,0,0,0,0,0,0,0,0,0,0,0,0,0,0,0,0,0,0,0,0,0,0,0,0,0,0,0,0,0,0,0,0,0,0,0,0,0,0,0,0,0,0,0,0,0,0,0,0,0,0,0,0,0,0,0,0,0,0,0,0,0,0,0,0,0,0,0,0,0,0,0,0,0,0,0,0,0,0,0,0,0,0,0,0,0,0,0,0
3,0,1,1,0,0,0,1,1,1,1,0,0,1,0,0,0,1,2,0,1,1,0,0,0,0,0,0,1,1,0,0,1,1,1,1,1,1,1,0,1,1,1,2,3,0,0,1,0,1,0,0,0,0,1,0,1,1,1,0,0,1,1,1,1,1,1,2,1,0,3,1,0,3,0,0,0,1,0,1,2,3,1,2,3,0,1,0,2,0,0,0,0,0,2,0,2,1,0,2,0,4,0,1,0,1,1,2,2,1,0,0,0,0,0,1,0,0,0,1,1,1,2,0,0,2,3,2,0,2,1,0,2,0,2,0,0,0,0,0,1,0,1,1,0,0,0,0,0,0,1,1,1,0,0,1,2,0,0,0,1,2,1,0,1,0,1,0,1
0,0,0,0,0,0,0,1,1,1,1,0,0,0,0,0,0,1,2,0,1,1,0,0,0,0,0,0,0,1,0,0,1,1,1,1,1,1,1,0,0,0,0,2,3,0,0,1,0,1,0,0,0,0,0,0,0,1,1,0,0,1,1,1,1,0,0,0,0,0,0,1,0,3,0,0,0,1,0,0,2,3,1,2,0,0,1,0,2,0,0,0,0,0,2,0,2,1,0,2,0,4,0,1,0,1,1,2,2,1,0,0,0,0,0,1,0,0,0,1,1,1,2,0,0,2,3,2,0,2,0,0,2,0,2,0,0,0,0,0,1,0,1,0,0,0,0,0,0,0,1,1,1,0,0,1,0,0,0,0,1,2,1,0,1,0,1,0,1
utg 3bet vs BTN 
375
125
118
29
133
27
124
69
11,14,12,12,13,0,0,0,0,0,0,0,0,10,9,7,6,0,0,0,0,0,0,0,0,0,10,15,12,7,0,0,0,0,0,0,0,0,0,13,9,11,10,0,0,0,0,0,0,0,0,0,6,14,10,9,3,0,0,0,0,0,0,0,0,5,8,12,4,8,8,0,0,0,0,0,0,0,10,11,0,0,0,0,7,0,0,0,0,0,0,10,0,0,0,0,0,0,14,0,0,0,0,0,11,0,0,0,0,0,0,0,8,0,0,0,0,6,0,0,0,0,0,0,0,0,0,0,0,0,11,0,0,0,0,0,0,0,0,0,0,0,0,10,0,0,0,0,0,0,0,0,0,0,0,0,9,0,0,0,0,0,0,0,0,0,0,0,0
3,6,3,4,3,0,0,0,0,0,0,0,0,2,3,3,3,0,0,0,0,0,0,0,0,0,4,7,3,4,0,0,0,0,0,0,0,0,0,5,3,3,3,0,0,0,0,0,0,0,0,0,2,5,2,2,1,0,0,0,0,0,0,0,0,1,3,1,2,5,2,0,0,0,0,0,0,0,2,6,0,0,0,0,3,0,0,0,0,0,0,2,0,0,0,0,0,0,7,0,0,0,0,0,4,0,0,0,0,0,0,0,4,0,0,0,0,2,0,0,0,0,0,0,0,0,0,0,0,0,4,0,0,0,0,0,0,0,0,0,0,0,0,0,0,0,0,0,0,0,0,0,0,0,0,0,3,0,0,0,0,0,0,0,0,0,0,0,0
3,1,4,4,5,0,0,0,0,0,0,0,0,2,3,4,0,0,0,0,0,0,0,0,0,0,4,6,3,0,0,0,0,0,0,0,0,0,0,8,3,6,3,0,0,0,0,0,0,0,0,0,2,3,3,2,1,0,0,0,0,0,0,0,0,2,1,7,1,0,1,0,0,0,0,0,0,0,3,3,0,0,0,0,3,0,0,0,0,0,0,3,0,0,0,0,0,0,3,0,0,0,0,0,4,0,0,0,0,0,0,0,3,0,0,0,0,2,0,0,0,0,0,0,0,0,0,0,0,0,3,0,0,0,0,0,0,0,0,0,0,0,0,7,0,0,0,0,0,0,0,0,0,0,0,0,2,0,0,0,0,0,0,0,0,0,0,0,0
3,1,2,0,0,0,0,0,0,0,0,0,0,2,3,0,0,0,0,0,0,0,0,0,0,0,0,5,3,0,0,0,0,0,0,0,0,0,0,3,2,0,3,0,0,0,0,0,0,0,0,0,0,0,0,0,0,0,0,0,0,0,0,0,0,0,0,0,0,0,1,0,0,0,0,0,0,0,0,0,0,0,0,0,0,0,0,0,0,0,0,0,0,0,0,0,0,0,0,0,0,0,0,0,0,0,0,0,0,0,0,0,0,0,0,0,0,1,0,0,0,0,0,0,0,0,0,0,0,0,0,0,0,0,0,0,0,0,0,0,0,0,0,0,0,0,0,0,0,0,0,0,0,0,0,0,0,0,0,0,0,0,0,0,0,0,0,0,0
3,6,3,4,5,0,0,0,0,0,0,0,0,7,4,0,3,0,0,0,0,0,0,0,0,0,4,3,4,3,0,0,0,0,0,0,0,0,0,3,2,4,2,0,0,0,0,0,0,0,0,0,2,6,5,4,2,0,0,0,0,0,0,0,0,2,4,4,1,3,4,0,0,0,0,0,0,0,5,2,0,0,0,0,1,0,0,0,0,0,0,5,0,0,0,0,0,0,8,0,0,0,0,0,3,0,0,0,0,0,0,0,0,0,0,0,0,1,0,0,0,0,0,0,0,0,0,0,0,0,4,0,0,0,0,0,0,0,0,0,0,0,0,3,0,0,0,0,0,0,0,0,0,0,0,0,4,0,0,0,0,0,0,0,0,0,0,0,0
0,5,0,0,0,0,0,0,0,0,0,0,0,0,0,0,0,0,0,0,0,0,0,0,0,0,4,2,0,0,0,0,0,0,0,0,0,0,0,2,1,3,0,0,0,0,0,0,0,0,0,0,0,0,0,1,1,0,0,0,0,0,0,0,0,0,0,0,0,2,0,0,0,0,0,0,0,0,0,0,0,0,0,0,1,0,0,0,0,0,0,0,0,0,0,0,0,0,5,0,0,0,0,0,0,0,0,0,0,0,0,0,0,0,0,0,0,0,0,0,0,0,0,0,0,0,0,0,0,0,0,0,0,0,0,0,0,0,0,0,0,0,0,0,0,0,0,0,0,0,0,0,0,0,0,0,0,0,0,0,0,0,0,0,0,0,0,0,0
5,7,5,4,3,0,0,0,0,0,0,0,0,1,2,3,3,0,0,0,0,0,0,0,0,0,2,6,5,4,0,0,0,0,0,0,0,0,0,2,4,1,5,0,0,0,0,0,0,0,0,0,2,5,2,3,0,0,0,0,0,0,0,0,0,1,3,1,2,5,3,0,0,0,0,0,0,0,2,6,0,0,0,0,3,0,0,0,0,0,0,2,0,0,0,0,0,0,3,0,0,0,0,0,4,0,0,0,0,0,0,0,5,0,0,0,0,3,0,0,0,0,0,0,0,0,0,0,0,0,4,0,0,0,0,0,0,0,0,0,0,0,0,0,0,0,0,0,0,0,0,0,0,0,0,0,3,0,0,0,0,0,0,0,0,0,0,0,0
0,0,1,4,3,0,0,0,0,0,0,0,0,0,0,3,3,0,0,0,0,0,0,0,0,0,0,0,0,4,0,0,0,0,0,0,0,0,0,0,0,0,0,0,0,0,0,0,0,0,0,0,2,5,2,1,0,0,0,0,0,0,0,0,0,1,3,1,2,3,1,0,0,0,0,0,0,0,2,6,0,0,0,0,2,0,0,0,0,0,0,2,0,0,0,0,0,0,2,0,0,0,0,0,4,0,0,0,0,0,0,0,4,0,0,0,0,1,0,0,0,0,0,0,0,0,0,0,0,0,4,0,0,0,0,0,0,0,0,0,0,0,0,0,0,0,0,0,0,0,0,0,0,0,0,0,3,0,0,0,0,0,0,0,0,0,0,0,0
